Exiting
Exiting
Exiting
Exiting


Started GET "/" for 127.0.0.1 at 2016-02-10 13:34:20 +0530
  [1m[36mActiveRecord::SchemaMigration Load (0.5ms)[0m  [1mSELECT "schema_migrations".* FROM "schema_migrations"[0m


Started GET "/users/sign_in" for 127.0.0.1 at 2016-02-10 13:34:20 +0530
Processing by Devise::SessionsController#new as HTML
  Rendered devise/shared/_links.erb (7.7ms)
  Rendered devise/sessions/new.html.erb within layouts/application (35.6ms)
Completed 200 OK in 126ms (Views: 107.3ms | ActiveRecord: 3.4ms)


Started GET "/assets/users.css?body=1" for 127.0.0.1 at 2016-02-10 13:34:20 +0530


Started GET "/assets/jquery.js?body=1" for 127.0.0.1 at 2016-02-10 13:34:20 +0530


Started GET "/assets/jquery_ujs.js?body=1" for 127.0.0.1 at 2016-02-10 13:34:20 +0530


Started GET "/assets/turbolinks.js?body=1" for 127.0.0.1 at 2016-02-10 13:34:20 +0530


Started GET "/assets/users.js?body=1" for 127.0.0.1 at 2016-02-10 13:34:20 +0530


Started GET "/assets/application.js?body=1" for 127.0.0.1 at 2016-02-10 13:34:20 +0530


Started GET "/assets/application.css?body=1" for 127.0.0.1 at 2016-02-10 13:34:20 +0530
  [1m[36mActiveRecord::SchemaMigration Load (0.4ms)[0m  [1mSELECT "schema_migrations".* FROM "schema_migrations"[0m


Started POST "/users/sign_in" for 127.0.0.1 at 2016-02-10 13:34:21 +0530
Processing by Devise::SessionsController#create as HTML
  Parameters: {"utf8"=>"✓", "authenticity_token"=>"7Oxbp6QyhkVd/DmYR5zLY5e20hj/HfzV90L8jjglbQd5/6b3i/3OOhdlWVtbqP0uygvEtM375panQehWy8EmBw==", "user"=>{"email"=>"anupam.mohapatra143@gmail.com", "password"=>"[FILTERED]", "remember_me"=>"0"}, "commit"=>"Log in"}
  [1m[35mUser Load (1.0ms)[0m  SELECT  "users".* FROM "users" WHERE "users"."email" = $1  ORDER BY "users"."id" ASC LIMIT 1  [["email", "anupam.mohapatra143@gmail.com"]]
  [1m[36m (0.2ms)[0m  [1mBEGIN[0m
  [1m[35mSQL (0.4ms)[0m  UPDATE "users" SET "last_sign_in_at" = $1, "current_sign_in_at" = $2, "sign_in_count" = $3, "updated_at" = $4 WHERE "users"."id" = $5  [["last_sign_in_at", "2016-02-10 06:45:26.864630"], ["current_sign_in_at", "2016-02-10 08:04:22.034385"], ["sign_in_count", 3], ["updated_at", "2016-02-10 08:04:22.036185"], ["id", 1]]
  [1m[36m (16.2ms)[0m  [1mCOMMIT[0m
Redirected to http://localhost:3000/
Completed 302 Found in 136ms (ActiveRecord: 18.2ms)


Started GET "/" for 127.0.0.1 at 2016-02-10 13:34:22 +0530
  [1m[35mUser Load (0.4ms)[0m  SELECT  "users".* FROM "users" WHERE "users"."id" = $1  ORDER BY "users"."id" ASC LIMIT 1  [["id", 1]]
Processing by UsersController#index as HTML
  Rendered users/index.html.erb within layouts/application (0.4ms)
Completed 200 OK in 36ms (Views: 36.0ms | ActiveRecord: 0.0ms)


Started GET "/assets/users.css?body=1" for 127.0.0.1 at 2016-02-10 13:34:22 +0530


Started GET "/assets/application.css?body=1" for 127.0.0.1 at 2016-02-10 13:34:22 +0530


Started GET "/assets/jquery.js?body=1" for 127.0.0.1 at 2016-02-10 13:34:22 +0530


Started GET "/assets/jquery_ujs.js?body=1" for 127.0.0.1 at 2016-02-10 13:34:22 +0530


Started GET "/assets/turbolinks.js?body=1" for 127.0.0.1 at 2016-02-10 13:34:22 +0530


Started GET "/assets/users.js?body=1" for 127.0.0.1 at 2016-02-10 13:34:22 +0530


Started GET "/assets/application.js?body=1" for 127.0.0.1 at 2016-02-10 13:34:22 +0530


Started DELETE "/users/sign_out" for 127.0.0.1 at 2016-02-10 13:34:30 +0530
Processing by Devise::SessionsController#destroy as HTML
  Parameters: {"authenticity_token"=>"NmZZ/toBUscNxF/NXZgniSBNVWeUHbRvPN26LCBpbJvd6gQYfQVq1OKwb9RWgxZLOD/7poA2+448tfAzIzMSNQ=="}
  [1m[35mUser Load (0.8ms)[0m  SELECT  "users".* FROM "users" WHERE "users"."id" = $1  ORDER BY "users"."id" ASC LIMIT 1  [["id", 1]]
  [1m[36m (0.2ms)[0m  [1mBEGIN[0m
  [1m[35m (0.2ms)[0m  COMMIT
Redirected to http://localhost:3000/
Completed 302 Found in 56ms (ActiveRecord: 5.3ms)


Started GET "/" for 127.0.0.1 at 2016-02-10 13:34:30 +0530


Started GET "/users/sign_in" for 127.0.0.1 at 2016-02-10 13:34:30 +0530
Processing by Devise::SessionsController#new as HTML
  Rendered devise/shared/_links.erb (5.0ms)
  Rendered devise/sessions/new.html.erb within layouts/application (10.8ms)
Completed 200 OK in 59ms (Views: 57.7ms | ActiveRecord: 0.0ms)




Started GET "/assets/application.css?body=1" for 127.0.0.1 at 2016-02-10 13:34:30 +0530
Started GET "/assets/users.css?body=1" for 127.0.0.1 at 2016-02-10 13:34:30 +0530


Started GET "/assets/jquery.js?body=1" for 127.0.0.1 at 2016-02-10 13:34:30 +0530


Started GET "/assets/jquery_ujs.js?body=1" for 127.0.0.1 at 2016-02-10 13:34:30 +0530




Started GET "/assets/turbolinks.js?body=1" for 127.0.0.1 at 2016-02-10 13:34:30 +0530
Started GET "/assets/users.js?body=1" for 127.0.0.1 at 2016-02-10 13:34:30 +0530


Started GET "/assets/application.js?body=1" for 127.0.0.1 at 2016-02-10 13:34:30 +0530


Started POST "/users/sign_in" for 127.0.0.1 at 2016-02-10 13:34:31 +0530
Processing by Devise::SessionsController#create as HTML
  Parameters: {"utf8"=>"✓", "authenticity_token"=>"gEpCEXFUue9Z4J3f7Wt/neyhZyj3OvS8ZXUBu0pYgPS1cPPvZngbB/M275ZFU3sT6A3JucYSl+YVwqR+WLqJfA==", "user"=>{"email"=>"anupam.mohapatra143@gmail.com", "password"=>"[FILTERED]", "remember_me"=>"0"}, "commit"=>"Log in"}
  [1m[36mUser Load (0.5ms)[0m  [1mSELECT  "users".* FROM "users" WHERE "users"."email" = $1  ORDER BY "users"."id" ASC LIMIT 1[0m  [["email", "anupam.mohapatra143@gmail.com"]]
  [1m[35m (0.2ms)[0m  BEGIN
  [1m[36mSQL (0.5ms)[0m  [1mUPDATE "users" SET "last_sign_in_at" = $1, "current_sign_in_at" = $2, "sign_in_count" = $3, "updated_at" = $4 WHERE "users"."id" = $5[0m  [["last_sign_in_at", "2016-02-10 08:04:22.034385"], ["current_sign_in_at", "2016-02-10 08:04:32.085024"], ["sign_in_count", 4], ["updated_at", "2016-02-10 08:04:32.086478"], ["id", 1]]
  [1m[35m (16.7ms)[0m  COMMIT
Redirected to http://localhost:3000/
Completed 302 Found in 151ms (ActiveRecord: 17.9ms)


Started GET "/" for 127.0.0.1 at 2016-02-10 13:34:32 +0530
  [1m[36mUser Load (0.5ms)[0m  [1mSELECT  "users".* FROM "users" WHERE "users"."id" = $1  ORDER BY "users"."id" ASC LIMIT 1[0m  [["id", 1]]
Processing by UsersController#index as HTML
  Rendered users/index.html.erb within layouts/application (1.9ms)
Completed 200 OK in 85ms (Views: 84.9ms | ActiveRecord: 0.0ms)


Started GET "/assets/users.css?body=1" for 127.0.0.1 at 2016-02-10 13:34:32 +0530


Started GET "/assets/application.css?body=1" for 127.0.0.1 at 2016-02-10 13:34:32 +0530


Started GET "/assets/jquery.js?body=1" for 127.0.0.1 at 2016-02-10 13:34:32 +0530


Started GET "/assets/jquery_ujs.js?body=1" for 127.0.0.1 at 2016-02-10 13:34:32 +0530


Started GET "/assets/turbolinks.js?body=1" for 127.0.0.1 at 2016-02-10 13:34:32 +0530


Started GET "/assets/users.js?body=1" for 127.0.0.1 at 2016-02-10 13:34:32 +0530


Started GET "/assets/application.js?body=1" for 127.0.0.1 at 2016-02-10 13:34:32 +0530


Started DELETE "/users/sign_out" for 127.0.0.1 at 2016-02-10 13:37:07 +0530
Processing by Devise::SessionsController#destroy as HTML
  Parameters: {"authenticity_token"=>"001D+zYztybFBxTplRx2Mj5XFY4A0DsttEgv8tBIO39qBSHKmauGkniIR6WvdFDFvJ/X5RqbB+p/fJsaEB/SUw=="}
  [1m[36mUser Load (0.6ms)[0m  [1mSELECT  "users".* FROM "users" WHERE "users"."id" = $1  ORDER BY "users"."id" ASC LIMIT 1[0m  [["id", 1]]
  [1m[35m (0.2ms)[0m  BEGIN
  [1m[36m (0.2ms)[0m  [1mCOMMIT[0m
Redirected to http://localhost:3000/
Completed 302 Found in 9ms (ActiveRecord: 1.0ms)


Started GET "/" for 127.0.0.1 at 2016-02-10 13:37:07 +0530


Started GET "/users/sign_in" for 127.0.0.1 at 2016-02-10 13:37:07 +0530
Processing by Devise::SessionsController#new as HTML
  Rendered devise/shared/_links.erb (8.3ms)
  Rendered devise/sessions/new.html.erb within layouts/application (30.3ms)
Completed 200 OK in 68ms (Views: 65.3ms | ActiveRecord: 0.0ms)




Started GET "/assets/application.css?body=1" for 127.0.0.1 at 2016-02-10 13:37:07 +0530
Started GET "/assets/users.css?body=1" for 127.0.0.1 at 2016-02-10 13:37:07 +0530




Started GET "/assets/jquery.js?body=1" for 127.0.0.1 at 2016-02-10 13:37:07 +0530
Started GET "/assets/jquery_ujs.js?body=1" for 127.0.0.1 at 2016-02-10 13:37:07 +0530


Started GET "/assets/turbolinks.js?body=1" for 127.0.0.1 at 2016-02-10 13:37:07 +0530


Started GET "/assets/users.js?body=1" for 127.0.0.1 at 2016-02-10 13:37:07 +0530


Started GET "/assets/application.js?body=1" for 127.0.0.1 at 2016-02-10 13:37:07 +0530


Started POST "/users/sign_in" for 127.0.0.1 at 2016-02-10 13:37:11 +0530
Processing by Devise::SessionsController#create as HTML
  Parameters: {"utf8"=>"✓", "authenticity_token"=>"ZXZMBWar7J+puprstLdAOLbnC0BKwBdTqb/uvwUmbJzTkPCgdp81dw6lEvjP9xSgdkFLrbPAYrKCSD06cVPYBg==", "user"=>{"email"=>"anupam.mohapatra143@gmail.com", "password"=>"[FILTERED]", "remember_me"=>"0"}, "commit"=>"Log in"}
  [1m[35mUser Load (0.7ms)[0m  SELECT  "users".* FROM "users" WHERE "users"."email" = $1  ORDER BY "users"."id" ASC LIMIT 1  [["email", "anupam.mohapatra143@gmail.com"]]
  [1m[36m (0.2ms)[0m  [1mBEGIN[0m
  [1m[35mSQL (0.4ms)[0m  UPDATE "users" SET "last_sign_in_at" = $1, "current_sign_in_at" = $2, "sign_in_count" = $3, "updated_at" = $4 WHERE "users"."id" = $5  [["last_sign_in_at", "2016-02-10 08:04:32.085024"], ["current_sign_in_at", "2016-02-10 08:07:11.572183"], ["sign_in_count", 5], ["updated_at", "2016-02-10 08:07:11.573405"], ["id", 1]]
  [1m[36m (16.4ms)[0m  [1mCOMMIT[0m
Redirected to http://localhost:3000/
Completed 302 Found in 122ms (ActiveRecord: 17.7ms)


Started GET "/" for 127.0.0.1 at 2016-02-10 13:37:11 +0530
  [1m[35mUser Load (0.4ms)[0m  SELECT  "users".* FROM "users" WHERE "users"."id" = $1  ORDER BY "users"."id" ASC LIMIT 1  [["id", 1]]
Processing by UsersController#index as HTML
  Rendered users/index.html.erb within layouts/application (0.1ms)
Completed 200 OK in 54ms (Views: 53.4ms | ActiveRecord: 0.0ms)




Started GET "/assets/users.css?body=1" for 127.0.0.1 at 2016-02-10 13:37:11 +0530
Started GET "/assets/application.css?body=1" for 127.0.0.1 at 2016-02-10 13:37:11 +0530


Started GET "/assets/jquery.js?body=1" for 127.0.0.1 at 2016-02-10 13:37:11 +0530


Started GET "/assets/jquery_ujs.js?body=1" for 127.0.0.1 at 2016-02-10 13:37:11 +0530


Started GET "/assets/turbolinks.js?body=1" for 127.0.0.1 at 2016-02-10 13:37:11 +0530


Started GET "/assets/users.js?body=1" for 127.0.0.1 at 2016-02-10 13:37:11 +0530


Started GET "/assets/application.js?body=1" for 127.0.0.1 at 2016-02-10 13:37:11 +0530
Exiting


Started GET "/" for 127.0.0.1 at 2016-02-10 13:39:15 +0530
  [1m[36mActiveRecord::SchemaMigration Load (0.5ms)[0m  [1mSELECT "schema_migrations".* FROM "schema_migrations"[0m
  [1m[35mUser Load (0.7ms)[0m  SELECT  "users".* FROM "users" WHERE "users"."id" = $1  ORDER BY "users"."id" ASC LIMIT 1  [["id", 1]]
Processing by UsersController#index as HTML
  Rendered users/index.html.erb within layouts/application (1.4ms)
Completed 200 OK in 83ms (Views: 78.7ms | ActiveRecord: 0.0ms)


Started GET "/assets/application.css?body=1" for 127.0.0.1 at 2016-02-10 13:39:15 +0530


Started GET "/assets/jquery.js?body=1" for 127.0.0.1 at 2016-02-10 13:39:15 +0530


Started GET "/assets/jquery_ujs.js?body=1" for 127.0.0.1 at 2016-02-10 13:39:15 +0530


Started GET "/assets/turbolinks.js?body=1" for 127.0.0.1 at 2016-02-10 13:39:15 +0530


Started GET "/assets/users.js?body=1" for 127.0.0.1 at 2016-02-10 13:39:15 +0530


Started GET "/assets/application.js?body=1" for 127.0.0.1 at 2016-02-10 13:39:15 +0530


Started GET "/assets/users.css?body=1" for 127.0.0.1 at 2016-02-10 13:39:15 +0530
  [1m[36mActiveRecord::SchemaMigration Load (0.4ms)[0m  [1mSELECT "schema_migrations".* FROM "schema_migrations"[0m


Started DELETE "/users/sign_out" for 127.0.0.1 at 2016-02-10 13:39:17 +0530
Processing by Devise::SessionsController#destroy as HTML
  Parameters: {"authenticity_token"=>"i7zLb9W8D/FFPIGhY7DY78bLMonq6G0mjpJE7YxyZ0lJc21QjyTHgOeo36A7/6ToFDhSeDEwj9Tn0HQUFQOllQ=="}
  [1m[35mUser Load (0.6ms)[0m  SELECT  "users".* FROM "users" WHERE "users"."id" = $1  ORDER BY "users"."id" ASC LIMIT 1  [["id", 1]]
  [1m[36m (0.2ms)[0m  [1mBEGIN[0m
  [1m[35m (0.2ms)[0m  COMMIT
Redirected to http://localhost:3000/
Completed 302 Found in 52ms (ActiveRecord: 4.4ms)


Started GET "/" for 127.0.0.1 at 2016-02-10 13:39:17 +0530


Started GET "/users/sign_in" for 127.0.0.1 at 2016-02-10 13:39:17 +0530
Processing by Devise::SessionsController#new as HTML
  Rendered devise/shared/_links.erb (8.3ms)
  Rendered devise/sessions/new.html.erb within layouts/application (36.0ms)
Completed 200 OK in 79ms (Views: 71.1ms | ActiveRecord: 0.0ms)




Started GET "/assets/users.css?body=1" for 127.0.0.1 at 2016-02-10 13:39:17 +0530
Started GET "/assets/application.css?body=1" for 127.0.0.1 at 2016-02-10 13:39:17 +0530




Started GET "/assets/jquery.js?body=1" for 127.0.0.1 at 2016-02-10 13:39:17 +0530
Started GET "/assets/jquery_ujs.js?body=1" for 127.0.0.1 at 2016-02-10 13:39:17 +0530


Started GET "/assets/turbolinks.js?body=1" for 127.0.0.1 at 2016-02-10 13:39:17 +0530


Started GET "/assets/users.js?body=1" for 127.0.0.1 at 2016-02-10 13:39:17 +0530


Started GET "/assets/application.js?body=1" for 127.0.0.1 at 2016-02-10 13:39:17 +0530


Started POST "/users/sign_in" for 127.0.0.1 at 2016-02-10 13:39:18 +0530
Processing by Devise::SessionsController#create as HTML
  Parameters: {"utf8"=>"✓", "authenticity_token"=>"PMZweGN+4GtdYZLhLH6a9SFDhnMKL9n4JUOptl9TIX5WTQ6ubw6wmfgrpAukt5lnpPOP2aT/dGPLXuLc/8NuYg==", "user"=>{"email"=>"anupam.mohapatra143@gmail.com", "password"=>"[FILTERED]", "remember_me"=>"0"}, "commit"=>"Log in"}
  [1m[36mUser Load (0.5ms)[0m  [1mSELECT  "users".* FROM "users" WHERE "users"."email" = $1  ORDER BY "users"."id" ASC LIMIT 1[0m  [["email", "anupam.mohapatra143@gmail.com"]]
  [1m[35m (0.3ms)[0m  BEGIN
  [1m[36mSQL (0.4ms)[0m  [1mUPDATE "users" SET "last_sign_in_at" = $1, "current_sign_in_at" = $2, "sign_in_count" = $3, "updated_at" = $4 WHERE "users"."id" = $5[0m  [["last_sign_in_at", "2016-02-10 08:07:11.572183"], ["current_sign_in_at", "2016-02-10 08:09:18.941368"], ["sign_in_count", 6], ["updated_at", "2016-02-10 08:09:18.943219"], ["id", 1]]
  [1m[35m (18.0ms)[0m  COMMIT
Redirected to http://localhost:3000/
Completed 302 Found in 133ms (ActiveRecord: 19.2ms)


Started GET "/" for 127.0.0.1 at 2016-02-10 13:39:18 +0530
  [1m[36mUser Load (0.4ms)[0m  [1mSELECT  "users".* FROM "users" WHERE "users"."id" = $1  ORDER BY "users"."id" ASC LIMIT 1[0m  [["id", 1]]
Processing by UsersController#index as HTML
  Rendered users/index.html.erb within layouts/application (0.1ms)
Completed 200 OK in 42ms (Views: 42.1ms | ActiveRecord: 0.0ms)




Started GET "/assets/users.css?body=1" for 127.0.0.1 at 2016-02-10 13:39:19 +0530
Started GET "/assets/application.css?body=1" for 127.0.0.1 at 2016-02-10 13:39:19 +0530




Started GET "/assets/jquery.js?body=1" for 127.0.0.1 at 2016-02-10 13:39:19 +0530
Started GET "/assets/jquery_ujs.js?body=1" for 127.0.0.1 at 2016-02-10 13:39:19 +0530




Started GET "/assets/turbolinks.js?body=1" for 127.0.0.1 at 2016-02-10 13:39:19 +0530
Started GET "/assets/users.js?body=1" for 127.0.0.1 at 2016-02-10 13:39:19 +0530


Started GET "/assets/application.js?body=1" for 127.0.0.1 at 2016-02-10 13:39:19 +0530
Exiting


Started GET "/" for 192.168.0.15 at 2016-02-10 13:40:56 +0530
  [1m[36mActiveRecord::SchemaMigration Load (0.6ms)[0m  [1mSELECT "schema_migrations".* FROM "schema_migrations"[0m


Started GET "/users/sign_in" for 192.168.0.15 at 2016-02-10 13:40:56 +0530
Processing by Devise::SessionsController#new as HTML
  Rendered devise/shared/_links.erb (8.4ms)
  Rendered devise/sessions/new.html.erb within layouts/application (33.5ms)
Completed 200 OK in 117ms (Views: 101.8ms | ActiveRecord: 2.6ms)


Started GET "/assets/users.css?body=1" for 192.168.0.15 at 2016-02-10 13:40:56 +0530


Started GET "/assets/jquery.js?body=1" for 192.168.0.15 at 2016-02-10 13:40:56 +0530


Started GET "/assets/jquery_ujs.js?body=1" for 192.168.0.15 at 2016-02-10 13:40:56 +0530


Started GET "/assets/turbolinks.js?body=1" for 192.168.0.15 at 2016-02-10 13:40:56 +0530


Started GET "/assets/users.js?body=1" for 192.168.0.15 at 2016-02-10 13:40:56 +0530


Started GET "/assets/application.js?body=1" for 192.168.0.15 at 2016-02-10 13:40:56 +0530


Started GET "/assets/application.css?body=1" for 192.168.0.15 at 2016-02-10 13:40:56 +0530
  [1m[36mActiveRecord::SchemaMigration Load (0.4ms)[0m  [1mSELECT "schema_migrations".* FROM "schema_migrations"[0m


Started GET "/" for 192.168.0.9 at 2016-02-10 13:41:00 +0530


Started GET "/users/sign_in" for 192.168.0.9 at 2016-02-10 13:41:00 +0530
Processing by Devise::SessionsController#new as HTML
  Rendered devise/shared/_links.erb (4.6ms)
  Rendered devise/sessions/new.html.erb within layouts/application (10.4ms)
Completed 200 OK in 56ms (Views: 54.8ms | ActiveRecord: 0.0ms)




Started GET "/assets/application.css?body=1" for 192.168.0.9 at 2016-02-10 13:41:00 +0530
Started GET "/assets/users.css?body=1" for 192.168.0.9 at 2016-02-10 13:41:00 +0530


Started GET "/assets/jquery.js?body=1" for 192.168.0.9 at 2016-02-10 13:41:00 +0530


Started GET "/assets/jquery_ujs.js?body=1" for 192.168.0.9 at 2016-02-10 13:41:00 +0530


Started GET "/assets/turbolinks.js?body=1" for 192.168.0.9 at 2016-02-10 13:41:00 +0530


Started GET "/assets/users.js?body=1" for 192.168.0.9 at 2016-02-10 13:41:00 +0530


Started GET "/assets/application.js?body=1" for 192.168.0.9 at 2016-02-10 13:41:00 +0530


Started GET "/users/sign_in" for 192.168.0.9 at 2016-02-10 13:41:02 +0530
Processing by Devise::SessionsController#new as HTML
  Rendered devise/shared/_links.erb (9.2ms)
  Rendered devise/sessions/new.html.erb within layouts/application (42.1ms)
Completed 200 OK in 156ms (Views: 116.9ms | ActiveRecord: 3.3ms)




Started GET "/assets/users.css?body=1" for 192.168.0.9 at 2016-02-10 13:41:02 +0530
Started GET "/assets/application.css?body=1" for 192.168.0.9 at 2016-02-10 13:41:02 +0530



Started GET "/assets/jquery.js?body=1" for 192.168.0.9 at 2016-02-10 13:41:02 +0530

Started GET "/assets/jquery_ujs.js?body=1" for 192.168.0.9 at 2016-02-10 13:41:02 +0530


Started GET "/assets/turbolinks.js?body=1" for 192.168.0.9 at 2016-02-10 13:41:02 +0530


Started GET "/assets/users.js?body=1" for 192.168.0.9 at 2016-02-10 13:41:02 +0530


Started GET "/assets/application.js?body=1" for 192.168.0.9 at 2016-02-10 13:41:02 +0530


Started POST "/users/sign_in" for 192.168.0.9 at 2016-02-10 13:41:06 +0530
Processing by Devise::SessionsController#create as HTML
  Parameters: {"utf8"=>"✓", "authenticity_token"=>"/5CLiAlg9OtKp2cJ2L0rHHScH8QRCOaSveqRYPDBqKVWnNl3x47gLzU5lmkVAy7kCMXVBhkr/Ic7k5kOJXjttg==", "user"=>{"email"=>"", "password"=>"[FILTERED]", "remember_me"=>"0"}, "commit"=>"Log in"}
Completed 401 Unauthorized in 1ms (ActiveRecord: 0.0ms)
Processing by Devise::SessionsController#new as HTML
  Parameters: {"utf8"=>"✓", "authenticity_token"=>"/5CLiAlg9OtKp2cJ2L0rHHScH8QRCOaSveqRYPDBqKVWnNl3x47gLzU5lmkVAy7kCMXVBhkr/Ic7k5kOJXjttg==", "user"=>{"email"=>"", "password"=>"[FILTERED]", "remember_me"=>"0"}, "commit"=>"Log in"}
  Rendered devise/shared/_links.erb (6.6ms)
  Rendered devise/sessions/new.html.erb within layouts/application (12.2ms)
Completed 200 OK in 56ms (Views: 55.0ms | ActiveRecord: 0.0ms)




Started GET "/assets/users.css?body=1" for 192.168.0.9 at 2016-02-10 13:41:06 +0530
Started GET "/assets/application.css?body=1" for 192.168.0.9 at 2016-02-10 13:41:06 +0530




Started GET "/assets/jquery.js?body=1" for 192.168.0.9 at 2016-02-10 13:41:06 +0530
Started GET "/assets/jquery_ujs.js?body=1" for 192.168.0.9 at 2016-02-10 13:41:06 +0530




Started GET "/assets/users.js?body=1" for 192.168.0.9 at 2016-02-10 13:41:06 +0530
Started GET "/assets/turbolinks.js?body=1" for 192.168.0.9 at 2016-02-10 13:41:06 +0530


Started GET "/assets/application.js?body=1" for 192.168.0.9 at 2016-02-10 13:41:06 +0530


Started POST "/users/sign_in" for 192.168.0.9 at 2016-02-10 13:41:06 +0530
Processing by Devise::SessionsController#create as HTML
  Parameters: {"utf8"=>"✓", "authenticity_token"=>"JGLACu2L/+sJRz4MWQz91PcIU/bu8GTlmKB329VpsYWNbpL1I2XrL3bZz2yUsvgsi1GZNObTfvAe2X+1AND0lg==", "user"=>{"email"=>"", "password"=>"[FILTERED]", "remember_me"=>"0"}, "commit"=>"Log in"}
Completed 401 Unauthorized in 1ms (ActiveRecord: 0.0ms)
Processing by Devise::SessionsController#new as HTML
  Parameters: {"utf8"=>"✓", "authenticity_token"=>"JGLACu2L/+sJRz4MWQz91PcIU/bu8GTlmKB329VpsYWNbpL1I2XrL3bZz2yUsvgsi1GZNObTfvAe2X+1AND0lg==", "user"=>{"email"=>"", "password"=>"[FILTERED]", "remember_me"=>"0"}, "commit"=>"Log in"}


Started POST "/users/sign_in" for 192.168.0.9 at 2016-02-10 13:41:06 +0530
  Rendered devise/shared/_links.erb (6.5ms)
  Rendered devise/sessions/new.html.erb within layouts/application (12.4ms)
Processing by Devise::SessionsController#create as HTML
  Parameters: {"utf8"=>"✓", "authenticity_token"=>"JGLACu2L/+sJRz4MWQz91PcIU/bu8GTlmKB329VpsYWNbpL1I2XrL3bZz2yUsvgsi1GZNObTfvAe2X+1AND0lg==", "user"=>{"email"=>"", "password"=>"[FILTERED]", "remember_me"=>"0"}, "commit"=>"Log in"}
Completed 401 Unauthorized in 2ms (ActiveRecord: 0.0ms)
Processing by Devise::SessionsController#new as HTML
  Parameters: {"utf8"=>"✓", "authenticity_token"=>"JGLACu2L/+sJRz4MWQz91PcIU/bu8GTlmKB329VpsYWNbpL1I2XrL3bZz2yUsvgsi1GZNObTfvAe2X+1AND0lg==", "user"=>{"email"=>"", "password"=>"[FILTERED]", "remember_me"=>"0"}, "commit"=>"Log in"}
  Rendered devise/shared/_links.erb (7.2ms)
  Rendered devise/sessions/new.html.erb within layouts/application (15.2ms)
Completed 200 OK in 88ms (Views: 86.2ms | ActiveRecord: 0.0ms)


Started POST "/users/sign_in" for 192.168.0.9 at 2016-02-10 13:41:06 +0530
Processing by Devise::SessionsController#create as HTML
  Parameters: {"utf8"=>"✓", "authenticity_token"=>"JGLACu2L/+sJRz4MWQz91PcIU/bu8GTlmKB329VpsYWNbpL1I2XrL3bZz2yUsvgsi1GZNObTfvAe2X+1AND0lg==", "user"=>{"email"=>"", "password"=>"[FILTERED]", "remember_me"=>"0"}, "commit"=>"Log in"}
Completed 401 Unauthorized in 1ms (ActiveRecord: 0.0ms)
Processing by Devise::SessionsController#new as HTML
  Parameters: {"utf8"=>"✓", "authenticity_token"=>"JGLACu2L/+sJRz4MWQz91PcIU/bu8GTlmKB329VpsYWNbpL1I2XrL3bZz2yUsvgsi1GZNObTfvAe2X+1AND0lg==", "user"=>{"email"=>"", "password"=>"[FILTERED]", "remember_me"=>"0"}, "commit"=>"Log in"}
Completed 200 OK in 75ms (Views: 73.7ms | ActiveRecord: 0.0ms)


Started POST "/users/sign_in" for 192.168.0.9 at 2016-02-10 13:41:06 +0530
  Rendered devise/shared/_links.erb (5.1ms)
  Rendered devise/sessions/new.html.erb within layouts/application (10.6ms)
Processing by Devise::SessionsController#create as HTML
  Parameters: {"utf8"=>"✓", "authenticity_token"=>"JGLACu2L/+sJRz4MWQz91PcIU/bu8GTlmKB329VpsYWNbpL1I2XrL3bZz2yUsvgsi1GZNObTfvAe2X+1AND0lg==", "user"=>{"email"=>"", "password"=>"[FILTERED]", "remember_me"=>"0"}, "commit"=>"Log in"}
Completed 401 Unauthorized in 1ms (ActiveRecord: 0.0ms)
Processing by Devise::SessionsController#new as HTML
  Parameters: {"utf8"=>"✓", "authenticity_token"=>"JGLACu2L/+sJRz4MWQz91PcIU/bu8GTlmKB329VpsYWNbpL1I2XrL3bZz2yUsvgsi1GZNObTfvAe2X+1AND0lg==", "user"=>{"email"=>"", "password"=>"[FILTERED]", "remember_me"=>"0"}, "commit"=>"Log in"}
  Rendered devise/shared/_links.erb (4.1ms)
  Rendered devise/sessions/new.html.erb within layouts/application (8.7ms)
Completed 200 OK in 45ms (Views: 43.7ms | ActiveRecord: 0.0ms)


Started POST "/users/sign_in" for 192.168.0.9 at 2016-02-10 13:41:07 +0530
Processing by Devise::SessionsController#create as HTML
  Parameters: {"utf8"=>"✓", "authenticity_token"=>"JGLACu2L/+sJRz4MWQz91PcIU/bu8GTlmKB329VpsYWNbpL1I2XrL3bZz2yUsvgsi1GZNObTfvAe2X+1AND0lg==", "user"=>{"email"=>"", "password"=>"[FILTERED]", "remember_me"=>"0"}, "commit"=>"Log in"}
Completed 401 Unauthorized in 1ms (ActiveRecord: 0.0ms)
Processing by Devise::SessionsController#new as HTML
  Parameters: {"utf8"=>"✓", "authenticity_token"=>"JGLACu2L/+sJRz4MWQz91PcIU/bu8GTlmKB329VpsYWNbpL1I2XrL3bZz2yUsvgsi1GZNObTfvAe2X+1AND0lg==", "user"=>{"email"=>"", "password"=>"[FILTERED]", "remember_me"=>"0"}, "commit"=>"Log in"}
Completed 200 OK in 42ms (Views: 41.0ms | ActiveRecord: 0.0ms)


Started POST "/users/sign_in" for 192.168.0.9 at 2016-02-10 13:41:07 +0530
  Rendered devise/shared/_links.erb (4.3ms)
  Rendered devise/sessions/new.html.erb within layouts/application (8.4ms)
Processing by Devise::SessionsController#create as HTML
  Parameters: {"utf8"=>"✓", "authenticity_token"=>"JGLACu2L/+sJRz4MWQz91PcIU/bu8GTlmKB329VpsYWNbpL1I2XrL3bZz2yUsvgsi1GZNObTfvAe2X+1AND0lg==", "user"=>{"email"=>"", "password"=>"[FILTERED]", "remember_me"=>"0"}, "commit"=>"Log in"}
Completed 401 Unauthorized in 1ms (ActiveRecord: 0.0ms)
Processing by Devise::SessionsController#new as HTML
  Parameters: {"utf8"=>"✓", "authenticity_token"=>"JGLACu2L/+sJRz4MWQz91PcIU/bu8GTlmKB329VpsYWNbpL1I2XrL3bZz2yUsvgsi1GZNObTfvAe2X+1AND0lg==", "user"=>{"email"=>"", "password"=>"[FILTERED]", "remember_me"=>"0"}, "commit"=>"Log in"}
  Rendered devise/shared/_links.erb (4.3ms)
  Rendered devise/sessions/new.html.erb within layouts/application (8.3ms)
Completed 200 OK in 38ms (Views: 37.4ms | ActiveRecord: 0.0ms)


Started POST "/users/sign_in" for 192.168.0.9 at 2016-02-10 13:41:07 +0530
Processing by Devise::SessionsController#create as HTML
  Parameters: {"utf8"=>"✓", "authenticity_token"=>"JGLACu2L/+sJRz4MWQz91PcIU/bu8GTlmKB329VpsYWNbpL1I2XrL3bZz2yUsvgsi1GZNObTfvAe2X+1AND0lg==", "user"=>{"email"=>"", "password"=>"[FILTERED]", "remember_me"=>"0"}, "commit"=>"Log in"}
Completed 401 Unauthorized in 1ms (ActiveRecord: 0.0ms)
Processing by Devise::SessionsController#new as HTML
  Parameters: {"utf8"=>"✓", "authenticity_token"=>"JGLACu2L/+sJRz4MWQz91PcIU/bu8GTlmKB329VpsYWNbpL1I2XrL3bZz2yUsvgsi1GZNObTfvAe2X+1AND0lg==", "user"=>{"email"=>"", "password"=>"[FILTERED]", "remember_me"=>"0"}, "commit"=>"Log in"}
Completed 200 OK in 38ms (Views: 37.4ms | ActiveRecord: 0.0ms)


Started POST "/users/sign_in" for 192.168.0.9 at 2016-02-10 13:41:07 +0530
  Rendered devise/shared/_links.erb (5.0ms)
  Rendered devise/sessions/new.html.erb within layouts/application (8.9ms)
Processing by Devise::SessionsController#create as HTML
  Parameters: {"utf8"=>"✓", "authenticity_token"=>"JGLACu2L/+sJRz4MWQz91PcIU/bu8GTlmKB329VpsYWNbpL1I2XrL3bZz2yUsvgsi1GZNObTfvAe2X+1AND0lg==", "user"=>{"email"=>"", "password"=>"[FILTERED]", "remember_me"=>"0"}, "commit"=>"Log in"}
Completed 401 Unauthorized in 1ms (ActiveRecord: 0.0ms)
Processing by Devise::SessionsController#new as HTML
  Parameters: {"utf8"=>"✓", "authenticity_token"=>"JGLACu2L/+sJRz4MWQz91PcIU/bu8GTlmKB329VpsYWNbpL1I2XrL3bZz2yUsvgsi1GZNObTfvAe2X+1AND0lg==", "user"=>{"email"=>"", "password"=>"[FILTERED]", "remember_me"=>"0"}, "commit"=>"Log in"}
  Rendered devise/shared/_links.erb (4.8ms)
  Rendered devise/sessions/new.html.erb within layouts/application (8.6ms)
Completed 200 OK in 41ms (Views: 40.5ms | ActiveRecord: 0.0ms)


Started POST "/users/sign_in" for 192.168.0.9 at 2016-02-10 13:41:07 +0530
Processing by Devise::SessionsController#create as HTML
  Parameters: {"utf8"=>"✓", "authenticity_token"=>"JGLACu2L/+sJRz4MWQz91PcIU/bu8GTlmKB329VpsYWNbpL1I2XrL3bZz2yUsvgsi1GZNObTfvAe2X+1AND0lg==", "user"=>{"email"=>"", "password"=>"[FILTERED]", "remember_me"=>"0"}, "commit"=>"Log in"}
Completed 401 Unauthorized in 1ms (ActiveRecord: 0.0ms)
Processing by Devise::SessionsController#new as HTML
  Parameters: {"utf8"=>"✓", "authenticity_token"=>"JGLACu2L/+sJRz4MWQz91PcIU/bu8GTlmKB329VpsYWNbpL1I2XrL3bZz2yUsvgsi1GZNObTfvAe2X+1AND0lg==", "user"=>{"email"=>"", "password"=>"[FILTERED]", "remember_me"=>"0"}, "commit"=>"Log in"}
Completed 200 OK in 42ms (Views: 40.9ms | ActiveRecord: 0.0ms)
  Rendered devise/shared/_links.erb (4.1ms)
  Rendered devise/sessions/new.html.erb within layouts/application (8.0ms)


Started POST "/users/sign_in" for 192.168.0.9 at 2016-02-10 13:41:07 +0530
Processing by Devise::SessionsController#create as HTML
  Parameters: {"utf8"=>"✓", "authenticity_token"=>"JGLACu2L/+sJRz4MWQz91PcIU/bu8GTlmKB329VpsYWNbpL1I2XrL3bZz2yUsvgsi1GZNObTfvAe2X+1AND0lg==", "user"=>{"email"=>"", "password"=>"[FILTERED]", "remember_me"=>"0"}, "commit"=>"Log in"}
Completed 401 Unauthorized in 1ms (ActiveRecord: 0.0ms)
Processing by Devise::SessionsController#new as HTML
  Parameters: {"utf8"=>"✓", "authenticity_token"=>"JGLACu2L/+sJRz4MWQz91PcIU/bu8GTlmKB329VpsYWNbpL1I2XrL3bZz2yUsvgsi1GZNObTfvAe2X+1AND0lg==", "user"=>{"email"=>"", "password"=>"[FILTERED]", "remember_me"=>"0"}, "commit"=>"Log in"}
  Rendered devise/shared/_links.erb (4.4ms)
  Rendered devise/sessions/new.html.erb within layouts/application (8.3ms)
Completed 200 OK in 37ms (Views: 36.3ms | ActiveRecord: 0.0ms)


Started POST "/users/sign_in" for 192.168.0.9 at 2016-02-10 13:41:07 +0530
Processing by Devise::SessionsController#create as HTML
  Parameters: {"utf8"=>"✓", "authenticity_token"=>"JGLACu2L/+sJRz4MWQz91PcIU/bu8GTlmKB329VpsYWNbpL1I2XrL3bZz2yUsvgsi1GZNObTfvAe2X+1AND0lg==", "user"=>{"email"=>"", "password"=>"[FILTERED]", "remember_me"=>"0"}, "commit"=>"Log in"}
Completed 401 Unauthorized in 1ms (ActiveRecord: 0.0ms)
Processing by Devise::SessionsController#new as HTML
  Parameters: {"utf8"=>"✓", "authenticity_token"=>"JGLACu2L/+sJRz4MWQz91PcIU/bu8GTlmKB329VpsYWNbpL1I2XrL3bZz2yUsvgsi1GZNObTfvAe2X+1AND0lg==", "user"=>{"email"=>"", "password"=>"[FILTERED]", "remember_me"=>"0"}, "commit"=>"Log in"}
Completed 200 OK in 38ms (Views: 37.4ms | ActiveRecord: 0.0ms)
  Rendered devise/shared/_links.erb (3.2ms)
  Rendered devise/sessions/new.html.erb within layouts/application (7.2ms)


Started POST "/users/sign_in" for 192.168.0.9 at 2016-02-10 13:41:07 +0530
Processing by Devise::SessionsController#create as HTML
  Parameters: {"utf8"=>"✓", "authenticity_token"=>"JGLACu2L/+sJRz4MWQz91PcIU/bu8GTlmKB329VpsYWNbpL1I2XrL3bZz2yUsvgsi1GZNObTfvAe2X+1AND0lg==", "user"=>{"email"=>"", "password"=>"[FILTERED]", "remember_me"=>"0"}, "commit"=>"Log in"}
Completed 401 Unauthorized in 1ms (ActiveRecord: 0.0ms)
Processing by Devise::SessionsController#new as HTML
  Parameters: {"utf8"=>"✓", "authenticity_token"=>"JGLACu2L/+sJRz4MWQz91PcIU/bu8GTlmKB329VpsYWNbpL1I2XrL3bZz2yUsvgsi1GZNObTfvAe2X+1AND0lg==", "user"=>{"email"=>"", "password"=>"[FILTERED]", "remember_me"=>"0"}, "commit"=>"Log in"}
  Rendered devise/shared/_links.erb (5.4ms)
  Rendered devise/sessions/new.html.erb within layouts/application (10.8ms)
Completed 200 OK in 43ms (Views: 42.4ms | ActiveRecord: 0.0ms)


Started POST "/users/sign_in" for 192.168.0.9 at 2016-02-10 13:41:07 +0530
Processing by Devise::SessionsController#create as HTML
  Parameters: {"utf8"=>"✓", "authenticity_token"=>"JGLACu2L/+sJRz4MWQz91PcIU/bu8GTlmKB329VpsYWNbpL1I2XrL3bZz2yUsvgsi1GZNObTfvAe2X+1AND0lg==", "user"=>{"email"=>"", "password"=>"[FILTERED]", "remember_me"=>"0"}, "commit"=>"Log in"}
Completed 401 Unauthorized in 1ms (ActiveRecord: 0.0ms)
Processing by Devise::SessionsController#new as HTML
  Parameters: {"utf8"=>"✓", "authenticity_token"=>"JGLACu2L/+sJRz4MWQz91PcIU/bu8GTlmKB329VpsYWNbpL1I2XrL3bZz2yUsvgsi1GZNObTfvAe2X+1AND0lg==", "user"=>{"email"=>"", "password"=>"[FILTERED]", "remember_me"=>"0"}, "commit"=>"Log in"}
  Rendered devise/shared/_links.erb (5.5ms)
  Rendered devise/sessions/new.html.erb within layouts/application (10.9ms)
Completed 200 OK in 48ms (Views: 47.2ms | ActiveRecord: 0.0ms)


Started POST "/users/sign_in" for 192.168.0.9 at 2016-02-10 13:41:07 +0530
Processing by Devise::SessionsController#create as HTML
  Parameters: {"utf8"=>"✓", "authenticity_token"=>"JGLACu2L/+sJRz4MWQz91PcIU/bu8GTlmKB329VpsYWNbpL1I2XrL3bZz2yUsvgsi1GZNObTfvAe2X+1AND0lg==", "user"=>{"email"=>"", "password"=>"[FILTERED]", "remember_me"=>"0"}, "commit"=>"Log in"}
Completed 401 Unauthorized in 1ms (ActiveRecord: 0.0ms)
Processing by Devise::SessionsController#new as HTML
  Parameters: {"utf8"=>"✓", "authenticity_token"=>"JGLACu2L/+sJRz4MWQz91PcIU/bu8GTlmKB329VpsYWNbpL1I2XrL3bZz2yUsvgsi1GZNObTfvAe2X+1AND0lg==", "user"=>{"email"=>"", "password"=>"[FILTERED]", "remember_me"=>"0"}, "commit"=>"Log in"}
  Rendered devise/shared/_links.erb (5.4ms)
  Rendered devise/sessions/new.html.erb within layouts/application (10.7ms)
Completed 200 OK in 58ms (Views: 56.5ms | ActiveRecord: 0.0ms)


Started POST "/users/sign_in" for 192.168.0.9 at 2016-02-10 13:41:07 +0530
Processing by Devise::SessionsController#create as HTML
  Parameters: {"utf8"=>"✓", "authenticity_token"=>"JGLACu2L/+sJRz4MWQz91PcIU/bu8GTlmKB329VpsYWNbpL1I2XrL3bZz2yUsvgsi1GZNObTfvAe2X+1AND0lg==", "user"=>{"email"=>"", "password"=>"[FILTERED]", "remember_me"=>"0"}, "commit"=>"Log in"}
Completed 401 Unauthorized in 1ms (ActiveRecord: 0.0ms)
Processing by Devise::SessionsController#new as HTML
  Parameters: {"utf8"=>"✓", "authenticity_token"=>"JGLACu2L/+sJRz4MWQz91PcIU/bu8GTlmKB329VpsYWNbpL1I2XrL3bZz2yUsvgsi1GZNObTfvAe2X+1AND0lg==", "user"=>{"email"=>"", "password"=>"[FILTERED]", "remember_me"=>"0"}, "commit"=>"Log in"}
  Rendered devise/shared/_links.erb (5.8ms)
  Rendered devise/sessions/new.html.erb within layouts/application (11.1ms)
Completed 200 OK in 61ms (Views: 59.9ms | ActiveRecord: 0.0ms)


Started POST "/users/sign_in" for 192.168.0.9 at 2016-02-10 13:41:07 +0530
Processing by Devise::SessionsController#create as HTML
  Parameters: {"utf8"=>"✓", "authenticity_token"=>"JGLACu2L/+sJRz4MWQz91PcIU/bu8GTlmKB329VpsYWNbpL1I2XrL3bZz2yUsvgsi1GZNObTfvAe2X+1AND0lg==", "user"=>{"email"=>"", "password"=>"[FILTERED]", "remember_me"=>"0"}, "commit"=>"Log in"}
Completed 401 Unauthorized in 1ms (ActiveRecord: 0.0ms)
Processing by Devise::SessionsController#new as HTML
  Parameters: {"utf8"=>"✓", "authenticity_token"=>"JGLACu2L/+sJRz4MWQz91PcIU/bu8GTlmKB329VpsYWNbpL1I2XrL3bZz2yUsvgsi1GZNObTfvAe2X+1AND0lg==", "user"=>{"email"=>"", "password"=>"[FILTERED]", "remember_me"=>"0"}, "commit"=>"Log in"}
  Rendered devise/shared/_links.erb (5.5ms)
  Rendered devise/sessions/new.html.erb within layouts/application (10.8ms)
Completed 200 OK in 55ms (Views: 54.4ms | ActiveRecord: 0.0ms)


Started POST "/users/sign_in" for 192.168.0.9 at 2016-02-10 13:41:07 +0530
Processing by Devise::SessionsController#create as HTML
  Parameters: {"utf8"=>"✓", "authenticity_token"=>"JGLACu2L/+sJRz4MWQz91PcIU/bu8GTlmKB329VpsYWNbpL1I2XrL3bZz2yUsvgsi1GZNObTfvAe2X+1AND0lg==", "user"=>{"email"=>"", "password"=>"[FILTERED]", "remember_me"=>"0"}, "commit"=>"Log in"}
Completed 401 Unauthorized in 1ms (ActiveRecord: 0.0ms)
Processing by Devise::SessionsController#new as HTML
  Parameters: {"utf8"=>"✓", "authenticity_token"=>"JGLACu2L/+sJRz4MWQz91PcIU/bu8GTlmKB329VpsYWNbpL1I2XrL3bZz2yUsvgsi1GZNObTfvAe2X+1AND0lg==", "user"=>{"email"=>"", "password"=>"[FILTERED]", "remember_me"=>"0"}, "commit"=>"Log in"}
  Rendered devise/shared/_links.erb (5.3ms)
  Rendered devise/sessions/new.html.erb within layouts/application (10.6ms)
Completed 200 OK in 55ms (Views: 54.3ms | ActiveRecord: 0.0ms)


Started POST "/users/sign_in" for 192.168.0.9 at 2016-02-10 13:41:07 +0530
Processing by Devise::SessionsController#create as HTML
  Parameters: {"utf8"=>"✓", "authenticity_token"=>"JGLACu2L/+sJRz4MWQz91PcIU/bu8GTlmKB329VpsYWNbpL1I2XrL3bZz2yUsvgsi1GZNObTfvAe2X+1AND0lg==", "user"=>{"email"=>"", "password"=>"[FILTERED]", "remember_me"=>"0"}, "commit"=>"Log in"}
Completed 401 Unauthorized in 1ms (ActiveRecord: 0.0ms)
Processing by Devise::SessionsController#new as HTML
  Parameters: {"utf8"=>"✓", "authenticity_token"=>"JGLACu2L/+sJRz4MWQz91PcIU/bu8GTlmKB329VpsYWNbpL1I2XrL3bZz2yUsvgsi1GZNObTfvAe2X+1AND0lg==", "user"=>{"email"=>"", "password"=>"[FILTERED]", "remember_me"=>"0"}, "commit"=>"Log in"}
  Rendered devise/shared/_links.erb (5.6ms)
  Rendered devise/sessions/new.html.erb within layouts/application (11.3ms)
Completed 200 OK in 55ms (Views: 54.2ms | ActiveRecord: 0.0ms)


Started POST "/users/sign_in" for 192.168.0.9 at 2016-02-10 13:41:07 +0530
Processing by Devise::SessionsController#create as HTML
  Parameters: {"utf8"=>"✓", "authenticity_token"=>"JGLACu2L/+sJRz4MWQz91PcIU/bu8GTlmKB329VpsYWNbpL1I2XrL3bZz2yUsvgsi1GZNObTfvAe2X+1AND0lg==", "user"=>{"email"=>"", "password"=>"[FILTERED]", "remember_me"=>"0"}, "commit"=>"Log in"}
Completed 401 Unauthorized in 1ms (ActiveRecord: 0.0ms)
Processing by Devise::SessionsController#new as HTML
  Parameters: {"utf8"=>"✓", "authenticity_token"=>"JGLACu2L/+sJRz4MWQz91PcIU/bu8GTlmKB329VpsYWNbpL1I2XrL3bZz2yUsvgsi1GZNObTfvAe2X+1AND0lg==", "user"=>{"email"=>"", "password"=>"[FILTERED]", "remember_me"=>"0"}, "commit"=>"Log in"}
  Rendered devise/shared/_links.erb (5.5ms)
  Rendered devise/sessions/new.html.erb within layouts/application (10.8ms)
Completed 200 OK in 56ms (Views: 54.8ms | ActiveRecord: 0.0ms)


Started POST "/users/sign_in" for 192.168.0.9 at 2016-02-10 13:41:07 +0530
Processing by Devise::SessionsController#create as HTML
  Parameters: {"utf8"=>"✓", "authenticity_token"=>"JGLACu2L/+sJRz4MWQz91PcIU/bu8GTlmKB329VpsYWNbpL1I2XrL3bZz2yUsvgsi1GZNObTfvAe2X+1AND0lg==", "user"=>{"email"=>"", "password"=>"[FILTERED]", "remember_me"=>"0"}, "commit"=>"Log in"}
Completed 401 Unauthorized in 1ms (ActiveRecord: 0.0ms)
Processing by Devise::SessionsController#new as HTML
  Parameters: {"utf8"=>"✓", "authenticity_token"=>"JGLACu2L/+sJRz4MWQz91PcIU/bu8GTlmKB329VpsYWNbpL1I2XrL3bZz2yUsvgsi1GZNObTfvAe2X+1AND0lg==", "user"=>{"email"=>"", "password"=>"[FILTERED]", "remember_me"=>"0"}, "commit"=>"Log in"}
  Rendered devise/shared/_links.erb (5.6ms)
  Rendered devise/sessions/new.html.erb within layouts/application (11.1ms)
Completed 200 OK in 60ms (Views: 58.8ms | ActiveRecord: 0.0ms)


Started POST "/users/sign_in" for 192.168.0.9 at 2016-02-10 13:41:07 +0530
Processing by Devise::SessionsController#create as HTML
  Parameters: {"utf8"=>"✓", "authenticity_token"=>"JGLACu2L/+sJRz4MWQz91PcIU/bu8GTlmKB329VpsYWNbpL1I2XrL3bZz2yUsvgsi1GZNObTfvAe2X+1AND0lg==", "user"=>{"email"=>"", "password"=>"[FILTERED]", "remember_me"=>"0"}, "commit"=>"Log in"}
Completed 401 Unauthorized in 1ms (ActiveRecord: 0.0ms)
Processing by Devise::SessionsController#new as HTML
  Parameters: {"utf8"=>"✓", "authenticity_token"=>"JGLACu2L/+sJRz4MWQz91PcIU/bu8GTlmKB329VpsYWNbpL1I2XrL3bZz2yUsvgsi1GZNObTfvAe2X+1AND0lg==", "user"=>{"email"=>"", "password"=>"[FILTERED]", "remember_me"=>"0"}, "commit"=>"Log in"}
  Rendered devise/shared/_links.erb (6.2ms)
  Rendered devise/sessions/new.html.erb within layouts/application (11.6ms)
Completed 200 OK in 62ms (Views: 60.7ms | ActiveRecord: 0.0ms)


Started POST "/users/sign_in" for 192.168.0.9 at 2016-02-10 13:41:07 +0530
Processing by Devise::SessionsController#create as HTML
  Parameters: {"utf8"=>"✓", "authenticity_token"=>"JGLACu2L/+sJRz4MWQz91PcIU/bu8GTlmKB329VpsYWNbpL1I2XrL3bZz2yUsvgsi1GZNObTfvAe2X+1AND0lg==", "user"=>{"email"=>"", "password"=>"[FILTERED]", "remember_me"=>"0"}, "commit"=>"Log in"}
Completed 401 Unauthorized in 1ms (ActiveRecord: 0.0ms)
Processing by Devise::SessionsController#new as HTML
  Parameters: {"utf8"=>"✓", "authenticity_token"=>"JGLACu2L/+sJRz4MWQz91PcIU/bu8GTlmKB329VpsYWNbpL1I2XrL3bZz2yUsvgsi1GZNObTfvAe2X+1AND0lg==", "user"=>{"email"=>"", "password"=>"[FILTERED]", "remember_me"=>"0"}, "commit"=>"Log in"}
  Rendered devise/shared/_links.erb (5.4ms)
  Rendered devise/sessions/new.html.erb within layouts/application (10.9ms)
Completed 200 OK in 56ms (Views: 55.3ms | ActiveRecord: 0.0ms)


Started POST "/users/sign_in" for 192.168.0.9 at 2016-02-10 13:41:07 +0530
Processing by Devise::SessionsController#create as HTML
  Parameters: {"utf8"=>"✓", "authenticity_token"=>"JGLACu2L/+sJRz4MWQz91PcIU/bu8GTlmKB329VpsYWNbpL1I2XrL3bZz2yUsvgsi1GZNObTfvAe2X+1AND0lg==", "user"=>{"email"=>"", "password"=>"[FILTERED]", "remember_me"=>"0"}, "commit"=>"Log in"}
Completed 401 Unauthorized in 1ms (ActiveRecord: 0.0ms)
Processing by Devise::SessionsController#new as HTML
  Parameters: {"utf8"=>"✓", "authenticity_token"=>"JGLACu2L/+sJRz4MWQz91PcIU/bu8GTlmKB329VpsYWNbpL1I2XrL3bZz2yUsvgsi1GZNObTfvAe2X+1AND0lg==", "user"=>{"email"=>"", "password"=>"[FILTERED]", "remember_me"=>"0"}, "commit"=>"Log in"}
  Rendered devise/shared/_links.erb (5.8ms)
  Rendered devise/sessions/new.html.erb within layouts/application (11.2ms)
Completed 200 OK in 56ms (Views: 54.8ms | ActiveRecord: 0.0ms)


Started POST "/users/sign_in" for 192.168.0.9 at 2016-02-10 13:41:07 +0530
Processing by Devise::SessionsController#create as HTML
  Parameters: {"utf8"=>"✓", "authenticity_token"=>"JGLACu2L/+sJRz4MWQz91PcIU/bu8GTlmKB329VpsYWNbpL1I2XrL3bZz2yUsvgsi1GZNObTfvAe2X+1AND0lg==", "user"=>{"email"=>"", "password"=>"[FILTERED]", "remember_me"=>"0"}, "commit"=>"Log in"}
Completed 401 Unauthorized in 1ms (ActiveRecord: 0.0ms)
Processing by Devise::SessionsController#new as HTML
  Parameters: {"utf8"=>"✓", "authenticity_token"=>"JGLACu2L/+sJRz4MWQz91PcIU/bu8GTlmKB329VpsYWNbpL1I2XrL3bZz2yUsvgsi1GZNObTfvAe2X+1AND0lg==", "user"=>{"email"=>"", "password"=>"[FILTERED]", "remember_me"=>"0"}, "commit"=>"Log in"}
  Rendered devise/shared/_links.erb (5.4ms)
  Rendered devise/sessions/new.html.erb within layouts/application (11.0ms)
Completed 200 OK in 56ms (Views: 55.3ms | ActiveRecord: 0.0ms)


Started POST "/users/sign_in" for 192.168.0.9 at 2016-02-10 13:41:07 +0530
Processing by Devise::SessionsController#create as HTML
  Parameters: {"utf8"=>"✓", "authenticity_token"=>"JGLACu2L/+sJRz4MWQz91PcIU/bu8GTlmKB329VpsYWNbpL1I2XrL3bZz2yUsvgsi1GZNObTfvAe2X+1AND0lg==", "user"=>{"email"=>"", "password"=>"[FILTERED]", "remember_me"=>"0"}, "commit"=>"Log in"}
Completed 401 Unauthorized in 1ms (ActiveRecord: 0.0ms)
Processing by Devise::SessionsController#new as HTML
  Parameters: {"utf8"=>"✓", "authenticity_token"=>"JGLACu2L/+sJRz4MWQz91PcIU/bu8GTlmKB329VpsYWNbpL1I2XrL3bZz2yUsvgsi1GZNObTfvAe2X+1AND0lg==", "user"=>{"email"=>"", "password"=>"[FILTERED]", "remember_me"=>"0"}, "commit"=>"Log in"}
  Rendered devise/shared/_links.erb (5.6ms)
  Rendered devise/sessions/new.html.erb within layouts/application (16.3ms)
Completed 200 OK in 56ms (Views: 54.6ms | ActiveRecord: 0.0ms)


Started POST "/users/sign_in" for 192.168.0.9 at 2016-02-10 13:41:07 +0530
Processing by Devise::SessionsController#create as HTML
  Parameters: {"utf8"=>"✓", "authenticity_token"=>"JGLACu2L/+sJRz4MWQz91PcIU/bu8GTlmKB329VpsYWNbpL1I2XrL3bZz2yUsvgsi1GZNObTfvAe2X+1AND0lg==", "user"=>{"email"=>"", "password"=>"[FILTERED]", "remember_me"=>"0"}, "commit"=>"Log in"}
Completed 401 Unauthorized in 1ms (ActiveRecord: 0.0ms)
Processing by Devise::SessionsController#new as HTML
  Parameters: {"utf8"=>"✓", "authenticity_token"=>"JGLACu2L/+sJRz4MWQz91PcIU/bu8GTlmKB329VpsYWNbpL1I2XrL3bZz2yUsvgsi1GZNObTfvAe2X+1AND0lg==", "user"=>{"email"=>"", "password"=>"[FILTERED]", "remember_me"=>"0"}, "commit"=>"Log in"}
  Rendered devise/shared/_links.erb (5.6ms)
  Rendered devise/sessions/new.html.erb within layouts/application (11.2ms)
Completed 200 OK in 61ms (Views: 59.4ms | ActiveRecord: 0.0ms)


Started POST "/users/sign_in" for 192.168.0.9 at 2016-02-10 13:41:07 +0530
Processing by Devise::SessionsController#create as HTML
  Parameters: {"utf8"=>"✓", "authenticity_token"=>"JGLACu2L/+sJRz4MWQz91PcIU/bu8GTlmKB329VpsYWNbpL1I2XrL3bZz2yUsvgsi1GZNObTfvAe2X+1AND0lg==", "user"=>{"email"=>"", "password"=>"[FILTERED]", "remember_me"=>"0"}, "commit"=>"Log in"}
Completed 401 Unauthorized in 1ms (ActiveRecord: 0.0ms)
Processing by Devise::SessionsController#new as HTML
  Parameters: {"utf8"=>"✓", "authenticity_token"=>"JGLACu2L/+sJRz4MWQz91PcIU/bu8GTlmKB329VpsYWNbpL1I2XrL3bZz2yUsvgsi1GZNObTfvAe2X+1AND0lg==", "user"=>{"email"=>"", "password"=>"[FILTERED]", "remember_me"=>"0"}, "commit"=>"Log in"}
  Rendered devise/shared/_links.erb (6.7ms)
  Rendered devise/sessions/new.html.erb within layouts/application (12.3ms)
Completed 200 OK in 61ms (Views: 60.3ms | ActiveRecord: 0.0ms)


Started POST "/users/sign_in" for 192.168.0.9 at 2016-02-10 13:41:07 +0530
Processing by Devise::SessionsController#create as HTML
  Parameters: {"utf8"=>"✓", "authenticity_token"=>"JGLACu2L/+sJRz4MWQz91PcIU/bu8GTlmKB329VpsYWNbpL1I2XrL3bZz2yUsvgsi1GZNObTfvAe2X+1AND0lg==", "user"=>{"email"=>"", "password"=>"[FILTERED]", "remember_me"=>"0"}, "commit"=>"Log in"}
Completed 401 Unauthorized in 1ms (ActiveRecord: 0.0ms)
Processing by Devise::SessionsController#new as HTML
  Parameters: {"utf8"=>"✓", "authenticity_token"=>"JGLACu2L/+sJRz4MWQz91PcIU/bu8GTlmKB329VpsYWNbpL1I2XrL3bZz2yUsvgsi1GZNObTfvAe2X+1AND0lg==", "user"=>{"email"=>"", "password"=>"[FILTERED]", "remember_me"=>"0"}, "commit"=>"Log in"}
  Rendered devise/shared/_links.erb (5.6ms)
  Rendered devise/sessions/new.html.erb within layouts/application (11.0ms)
Completed 200 OK in 57ms (Views: 55.9ms | ActiveRecord: 0.0ms)


Started POST "/users/sign_in" for 192.168.0.9 at 2016-02-10 13:41:07 +0530
Processing by Devise::SessionsController#create as HTML
  Parameters: {"utf8"=>"✓", "authenticity_token"=>"JGLACu2L/+sJRz4MWQz91PcIU/bu8GTlmKB329VpsYWNbpL1I2XrL3bZz2yUsvgsi1GZNObTfvAe2X+1AND0lg==", "user"=>{"email"=>"", "password"=>"[FILTERED]", "remember_me"=>"0"}, "commit"=>"Log in"}
Completed 401 Unauthorized in 1ms (ActiveRecord: 0.0ms)
Processing by Devise::SessionsController#new as HTML
  Parameters: {"utf8"=>"✓", "authenticity_token"=>"JGLACu2L/+sJRz4MWQz91PcIU/bu8GTlmKB329VpsYWNbpL1I2XrL3bZz2yUsvgsi1GZNObTfvAe2X+1AND0lg==", "user"=>{"email"=>"", "password"=>"[FILTERED]", "remember_me"=>"0"}, "commit"=>"Log in"}
  Rendered devise/shared/_links.erb (5.8ms)
  Rendered devise/sessions/new.html.erb within layouts/application (11.0ms)
Completed 200 OK in 55ms (Views: 54.2ms | ActiveRecord: 0.0ms)


Started POST "/users/sign_in" for 192.168.0.9 at 2016-02-10 13:41:07 +0530
Processing by Devise::SessionsController#create as HTML
  Parameters: {"utf8"=>"✓", "authenticity_token"=>"JGLACu2L/+sJRz4MWQz91PcIU/bu8GTlmKB329VpsYWNbpL1I2XrL3bZz2yUsvgsi1GZNObTfvAe2X+1AND0lg==", "user"=>{"email"=>"", "password"=>"[FILTERED]", "remember_me"=>"0"}, "commit"=>"Log in"}
Completed 401 Unauthorized in 1ms (ActiveRecord: 0.0ms)
Processing by Devise::SessionsController#new as HTML
  Parameters: {"utf8"=>"✓", "authenticity_token"=>"JGLACu2L/+sJRz4MWQz91PcIU/bu8GTlmKB329VpsYWNbpL1I2XrL3bZz2yUsvgsi1GZNObTfvAe2X+1AND0lg==", "user"=>{"email"=>"", "password"=>"[FILTERED]", "remember_me"=>"0"}, "commit"=>"Log in"}
  Rendered devise/shared/_links.erb (5.8ms)
  Rendered devise/sessions/new.html.erb within layouts/application (11.1ms)
Completed 200 OK in 61ms (Views: 59.9ms | ActiveRecord: 0.0ms)


Started POST "/users/sign_in" for 192.168.0.9 at 2016-02-10 13:41:07 +0530
Processing by Devise::SessionsController#create as HTML
  Parameters: {"utf8"=>"✓", "authenticity_token"=>"JGLACu2L/+sJRz4MWQz91PcIU/bu8GTlmKB329VpsYWNbpL1I2XrL3bZz2yUsvgsi1GZNObTfvAe2X+1AND0lg==", "user"=>{"email"=>"", "password"=>"[FILTERED]", "remember_me"=>"0"}, "commit"=>"Log in"}
Completed 401 Unauthorized in 1ms (ActiveRecord: 0.0ms)
Processing by Devise::SessionsController#new as HTML
  Parameters: {"utf8"=>"✓", "authenticity_token"=>"JGLACu2L/+sJRz4MWQz91PcIU/bu8GTlmKB329VpsYWNbpL1I2XrL3bZz2yUsvgsi1GZNObTfvAe2X+1AND0lg==", "user"=>{"email"=>"", "password"=>"[FILTERED]", "remember_me"=>"0"}, "commit"=>"Log in"}
  Rendered devise/shared/_links.erb (5.4ms)
  Rendered devise/sessions/new.html.erb within layouts/application (10.9ms)
Completed 200 OK in 56ms (Views: 54.7ms | ActiveRecord: 0.0ms)


Started POST "/users/sign_in" for 192.168.0.9 at 2016-02-10 13:41:07 +0530
Processing by Devise::SessionsController#create as HTML
  Parameters: {"utf8"=>"✓", "authenticity_token"=>"JGLACu2L/+sJRz4MWQz91PcIU/bu8GTlmKB329VpsYWNbpL1I2XrL3bZz2yUsvgsi1GZNObTfvAe2X+1AND0lg==", "user"=>{"email"=>"", "password"=>"[FILTERED]", "remember_me"=>"0"}, "commit"=>"Log in"}
Completed 401 Unauthorized in 1ms (ActiveRecord: 0.0ms)
Processing by Devise::SessionsController#new as HTML
  Parameters: {"utf8"=>"✓", "authenticity_token"=>"JGLACu2L/+sJRz4MWQz91PcIU/bu8GTlmKB329VpsYWNbpL1I2XrL3bZz2yUsvgsi1GZNObTfvAe2X+1AND0lg==", "user"=>{"email"=>"", "password"=>"[FILTERED]", "remember_me"=>"0"}, "commit"=>"Log in"}
  Rendered devise/shared/_links.erb (5.6ms)
  Rendered devise/sessions/new.html.erb within layouts/application (11.0ms)
Completed 200 OK in 55ms (Views: 54.3ms | ActiveRecord: 0.0ms)


Started POST "/users/sign_in" for 192.168.0.9 at 2016-02-10 13:41:07 +0530
Processing by Devise::SessionsController#create as HTML
  Parameters: {"utf8"=>"✓", "authenticity_token"=>"JGLACu2L/+sJRz4MWQz91PcIU/bu8GTlmKB329VpsYWNbpL1I2XrL3bZz2yUsvgsi1GZNObTfvAe2X+1AND0lg==", "user"=>{"email"=>"", "password"=>"[FILTERED]", "remember_me"=>"0"}, "commit"=>"Log in"}
Completed 401 Unauthorized in 1ms (ActiveRecord: 0.0ms)
Processing by Devise::SessionsController#new as HTML
  Parameters: {"utf8"=>"✓", "authenticity_token"=>"JGLACu2L/+sJRz4MWQz91PcIU/bu8GTlmKB329VpsYWNbpL1I2XrL3bZz2yUsvgsi1GZNObTfvAe2X+1AND0lg==", "user"=>{"email"=>"", "password"=>"[FILTERED]", "remember_me"=>"0"}, "commit"=>"Log in"}
  Rendered devise/shared/_links.erb (6.8ms)
  Rendered devise/sessions/new.html.erb within layouts/application (13.2ms)
Completed 200 OK in 62ms (Views: 60.8ms | ActiveRecord: 0.0ms)


Started POST "/users/sign_in" for 192.168.0.9 at 2016-02-10 13:41:07 +0530
Processing by Devise::SessionsController#create as HTML
  Parameters: {"utf8"=>"✓", "authenticity_token"=>"JGLACu2L/+sJRz4MWQz91PcIU/bu8GTlmKB329VpsYWNbpL1I2XrL3bZz2yUsvgsi1GZNObTfvAe2X+1AND0lg==", "user"=>{"email"=>"", "password"=>"[FILTERED]", "remember_me"=>"0"}, "commit"=>"Log in"}
Completed 401 Unauthorized in 1ms (ActiveRecord: 0.0ms)
Processing by Devise::SessionsController#new as HTML
  Parameters: {"utf8"=>"✓", "authenticity_token"=>"JGLACu2L/+sJRz4MWQz91PcIU/bu8GTlmKB329VpsYWNbpL1I2XrL3bZz2yUsvgsi1GZNObTfvAe2X+1AND0lg==", "user"=>{"email"=>"", "password"=>"[FILTERED]", "remember_me"=>"0"}, "commit"=>"Log in"}
  Rendered devise/shared/_links.erb (5.7ms)
  Rendered devise/sessions/new.html.erb within layouts/application (11.3ms)
Completed 200 OK in 59ms (Views: 57.7ms | ActiveRecord: 0.0ms)


Started POST "/users/sign_in" for 192.168.0.9 at 2016-02-10 13:41:07 +0530
Processing by Devise::SessionsController#create as HTML
  Parameters: {"utf8"=>"✓", "authenticity_token"=>"JGLACu2L/+sJRz4MWQz91PcIU/bu8GTlmKB329VpsYWNbpL1I2XrL3bZz2yUsvgsi1GZNObTfvAe2X+1AND0lg==", "user"=>{"email"=>"", "password"=>"[FILTERED]", "remember_me"=>"0"}, "commit"=>"Log in"}
Completed 401 Unauthorized in 1ms (ActiveRecord: 0.0ms)
Processing by Devise::SessionsController#new as HTML
  Parameters: {"utf8"=>"✓", "authenticity_token"=>"JGLACu2L/+sJRz4MWQz91PcIU/bu8GTlmKB329VpsYWNbpL1I2XrL3bZz2yUsvgsi1GZNObTfvAe2X+1AND0lg==", "user"=>{"email"=>"", "password"=>"[FILTERED]", "remember_me"=>"0"}, "commit"=>"Log in"}
  Rendered devise/shared/_links.erb (8.0ms)
  Rendered devise/sessions/new.html.erb within layouts/application (15.7ms)
Completed 200 OK in 58ms (Views: 56.8ms | ActiveRecord: 0.0ms)


Started POST "/users/sign_in" for 192.168.0.9 at 2016-02-10 13:41:07 +0530
Processing by Devise::SessionsController#create as HTML
  Parameters: {"utf8"=>"✓", "authenticity_token"=>"JGLACu2L/+sJRz4MWQz91PcIU/bu8GTlmKB329VpsYWNbpL1I2XrL3bZz2yUsvgsi1GZNObTfvAe2X+1AND0lg==", "user"=>{"email"=>"", "password"=>"[FILTERED]", "remember_me"=>"0"}, "commit"=>"Log in"}
Completed 401 Unauthorized in 1ms (ActiveRecord: 0.0ms)
Processing by Devise::SessionsController#new as HTML
  Parameters: {"utf8"=>"✓", "authenticity_token"=>"JGLACu2L/+sJRz4MWQz91PcIU/bu8GTlmKB329VpsYWNbpL1I2XrL3bZz2yUsvgsi1GZNObTfvAe2X+1AND0lg==", "user"=>{"email"=>"", "password"=>"[FILTERED]", "remember_me"=>"0"}, "commit"=>"Log in"}
  Rendered devise/shared/_links.erb (6.3ms)
  Rendered devise/sessions/new.html.erb within layouts/application (12.1ms)
Completed 200 OK in 70ms (Views: 69.0ms | ActiveRecord: 0.0ms)


Started POST "/users/sign_in" for 192.168.0.9 at 2016-02-10 13:41:08 +0530
Processing by Devise::SessionsController#create as HTML
  Parameters: {"utf8"=>"✓", "authenticity_token"=>"JGLACu2L/+sJRz4MWQz91PcIU/bu8GTlmKB329VpsYWNbpL1I2XrL3bZz2yUsvgsi1GZNObTfvAe2X+1AND0lg==", "user"=>{"email"=>"", "password"=>"[FILTERED]", "remember_me"=>"0"}, "commit"=>"Log in"}
Completed 401 Unauthorized in 1ms (ActiveRecord: 0.0ms)
Processing by Devise::SessionsController#new as HTML
  Parameters: {"utf8"=>"✓", "authenticity_token"=>"JGLACu2L/+sJRz4MWQz91PcIU/bu8GTlmKB329VpsYWNbpL1I2XrL3bZz2yUsvgsi1GZNObTfvAe2X+1AND0lg==", "user"=>{"email"=>"", "password"=>"[FILTERED]", "remember_me"=>"0"}, "commit"=>"Log in"}
  Rendered devise/shared/_links.erb (9.8ms)
  Rendered devise/sessions/new.html.erb within layouts/application (15.9ms)
Completed 200 OK in 67ms (Views: 65.8ms | ActiveRecord: 0.0ms)


Started POST "/users/sign_in" for 192.168.0.9 at 2016-02-10 13:41:08 +0530
Processing by Devise::SessionsController#create as HTML
  Parameters: {"utf8"=>"✓", "authenticity_token"=>"JGLACu2L/+sJRz4MWQz91PcIU/bu8GTlmKB329VpsYWNbpL1I2XrL3bZz2yUsvgsi1GZNObTfvAe2X+1AND0lg==", "user"=>{"email"=>"", "password"=>"[FILTERED]", "remember_me"=>"0"}, "commit"=>"Log in"}
Completed 401 Unauthorized in 1ms (ActiveRecord: 0.0ms)
Processing by Devise::SessionsController#new as HTML
  Parameters: {"utf8"=>"✓", "authenticity_token"=>"JGLACu2L/+sJRz4MWQz91PcIU/bu8GTlmKB329VpsYWNbpL1I2XrL3bZz2yUsvgsi1GZNObTfvAe2X+1AND0lg==", "user"=>{"email"=>"", "password"=>"[FILTERED]", "remember_me"=>"0"}, "commit"=>"Log in"}
  Rendered devise/shared/_links.erb (11.7ms)
  Rendered devise/sessions/new.html.erb within layouts/application (21.1ms)
Completed 200 OK in 81ms (Views: 79.2ms | ActiveRecord: 0.0ms)


Started POST "/users/sign_in" for 192.168.0.9 at 2016-02-10 13:41:08 +0530
Processing by Devise::SessionsController#create as HTML
  Parameters: {"utf8"=>"✓", "authenticity_token"=>"JGLACu2L/+sJRz4MWQz91PcIU/bu8GTlmKB329VpsYWNbpL1I2XrL3bZz2yUsvgsi1GZNObTfvAe2X+1AND0lg==", "user"=>{"email"=>"", "password"=>"[FILTERED]", "remember_me"=>"0"}, "commit"=>"Log in"}
Completed 401 Unauthorized in 1ms (ActiveRecord: 0.0ms)
Processing by Devise::SessionsController#new as HTML
  Parameters: {"utf8"=>"✓", "authenticity_token"=>"JGLACu2L/+sJRz4MWQz91PcIU/bu8GTlmKB329VpsYWNbpL1I2XrL3bZz2yUsvgsi1GZNObTfvAe2X+1AND0lg==", "user"=>{"email"=>"", "password"=>"[FILTERED]", "remember_me"=>"0"}, "commit"=>"Log in"}
  Rendered devise/shared/_links.erb (5.5ms)
  Rendered devise/sessions/new.html.erb within layouts/application (12.3ms)
Completed 200 OK in 86ms (Views: 85.0ms | ActiveRecord: 0.0ms)


Started POST "/users/sign_in" for 192.168.0.9 at 2016-02-10 13:41:08 +0530
Processing by Devise::SessionsController#create as HTML
  Parameters: {"utf8"=>"✓", "authenticity_token"=>"JGLACu2L/+sJRz4MWQz91PcIU/bu8GTlmKB329VpsYWNbpL1I2XrL3bZz2yUsvgsi1GZNObTfvAe2X+1AND0lg==", "user"=>{"email"=>"", "password"=>"[FILTERED]", "remember_me"=>"0"}, "commit"=>"Log in"}
Completed 401 Unauthorized in 1ms (ActiveRecord: 0.0ms)
Processing by Devise::SessionsController#new as HTML
  Parameters: {"utf8"=>"✓", "authenticity_token"=>"JGLACu2L/+sJRz4MWQz91PcIU/bu8GTlmKB329VpsYWNbpL1I2XrL3bZz2yUsvgsi1GZNObTfvAe2X+1AND0lg==", "user"=>{"email"=>"", "password"=>"[FILTERED]", "remember_me"=>"0"}, "commit"=>"Log in"}
  Rendered devise/shared/_links.erb (5.5ms)
  Rendered devise/sessions/new.html.erb within layouts/application (12.4ms)
Completed 200 OK in 60ms (Views: 59.0ms | ActiveRecord: 0.0ms)


Started POST "/users/sign_in" for 192.168.0.9 at 2016-02-10 13:41:08 +0530
Processing by Devise::SessionsController#create as HTML
  Parameters: {"utf8"=>"✓", "authenticity_token"=>"JGLACu2L/+sJRz4MWQz91PcIU/bu8GTlmKB329VpsYWNbpL1I2XrL3bZz2yUsvgsi1GZNObTfvAe2X+1AND0lg==", "user"=>{"email"=>"", "password"=>"[FILTERED]", "remember_me"=>"0"}, "commit"=>"Log in"}
Completed 401 Unauthorized in 1ms (ActiveRecord: 0.0ms)
Processing by Devise::SessionsController#new as HTML
  Parameters: {"utf8"=>"✓", "authenticity_token"=>"JGLACu2L/+sJRz4MWQz91PcIU/bu8GTlmKB329VpsYWNbpL1I2XrL3bZz2yUsvgsi1GZNObTfvAe2X+1AND0lg==", "user"=>{"email"=>"", "password"=>"[FILTERED]", "remember_me"=>"0"}, "commit"=>"Log in"}
  Rendered devise/shared/_links.erb (6.4ms)
  Rendered devise/sessions/new.html.erb within layouts/application (12.2ms)
Completed 200 OK in 58ms (Views: 56.6ms | ActiveRecord: 0.0ms)


Started POST "/users/sign_in" for 192.168.0.9 at 2016-02-10 13:41:08 +0530
Processing by Devise::SessionsController#create as HTML
  Parameters: {"utf8"=>"✓", "authenticity_token"=>"JGLACu2L/+sJRz4MWQz91PcIU/bu8GTlmKB329VpsYWNbpL1I2XrL3bZz2yUsvgsi1GZNObTfvAe2X+1AND0lg==", "user"=>{"email"=>"", "password"=>"[FILTERED]", "remember_me"=>"0"}, "commit"=>"Log in"}
Completed 401 Unauthorized in 1ms (ActiveRecord: 0.0ms)
Processing by Devise::SessionsController#new as HTML
  Parameters: {"utf8"=>"✓", "authenticity_token"=>"JGLACu2L/+sJRz4MWQz91PcIU/bu8GTlmKB329VpsYWNbpL1I2XrL3bZz2yUsvgsi1GZNObTfvAe2X+1AND0lg==", "user"=>{"email"=>"", "password"=>"[FILTERED]", "remember_me"=>"0"}, "commit"=>"Log in"}
  Rendered devise/shared/_links.erb (6.8ms)
  Rendered devise/sessions/new.html.erb within layouts/application (12.6ms)
Completed 200 OK in 64ms (Views: 62.6ms | ActiveRecord: 0.0ms)
Completed 200 OK in 50ms (Views: 48.5ms | ActiveRecord: 0.0ms)




Started GET "/assets/users.css?body=1" for 192.168.0.9 at 2016-02-10 13:41:08 +0530
Started GET "/assets/application.css?body=1" for 192.168.0.9 at 2016-02-10 13:41:08 +0530




Started GET "/assets/jquery_ujs.js?body=1" for 192.168.0.9 at 2016-02-10 13:41:08 +0530
Started GET "/assets/jquery.js?body=1" for 192.168.0.9 at 2016-02-10 13:41:08 +0530




Started GET "/assets/turbolinks.js?body=1" for 192.168.0.9 at 2016-02-10 13:41:08 +0530
Started GET "/assets/users.js?body=1" for 192.168.0.9 at 2016-02-10 13:41:08 +0530


Started GET "/assets/application.js?body=1" for 192.168.0.9 at 2016-02-10 13:41:08 +0530


Started GET "/" for 192.168.0.9 at 2016-02-10 13:41:13 +0530


Started GET "/users/sign_in" for 192.168.0.9 at 2016-02-10 13:41:13 +0530
Processing by Devise::SessionsController#new as HTML
  Rendered devise/shared/_links.erb (4.5ms)
  Rendered devise/sessions/new.html.erb within layouts/application (10.1ms)
Completed 200 OK in 56ms (Views: 54.7ms | ActiveRecord: 0.0ms)




Started GET "/assets/users.css?body=1" for 192.168.0.9 at 2016-02-10 13:41:13 +0530
Started GET "/assets/application.css?body=1" for 192.168.0.9 at 2016-02-10 13:41:13 +0530




Started GET "/assets/jquery.js?body=1" for 192.168.0.9 at 2016-02-10 13:41:13 +0530
Started GET "/assets/jquery_ujs.js?body=1" for 192.168.0.9 at 2016-02-10 13:41:13 +0530




Started GET "/assets/turbolinks.js?body=1" for 192.168.0.9 at 2016-02-10 13:41:13 +0530
Started GET "/assets/users.js?body=1" for 192.168.0.9 at 2016-02-10 13:41:13 +0530


Started GET "/assets/application.js?body=1" for 192.168.0.9 at 2016-02-10 13:41:13 +0530


Started GET "/users/sign_up" for 192.168.0.9 at 2016-02-10 13:41:40 +0530
Processing by Devise::RegistrationsController#new as HTML
  Rendered devise/shared/_links.erb (4.4ms)
  Rendered devise/registrations/new.html.erb within layouts/application (12.9ms)
Completed 200 OK in 60ms (Views: 58.8ms | ActiveRecord: 0.0ms)


Started POST "/users" for 192.168.0.9 at 2016-02-10 13:41:57 +0530
Processing by Devise::RegistrationsController#create as HTML
  Parameters: {"utf8"=>"✓", "authenticity_token"=>"g4X8NOfD9NEtnjprbFhI5AaZO8GV04Pif6BWTLlJejoqia7LKS3gFVIAywuh5k0cesDxA53wmff52V4ibPA/KQ==", "user"=>{"email"=>"a@b.com", "password"=>"[FILTERED]", "password_confirmation"=>"[FILTERED]"}, "commit"=>"Sign up"}
  [1m[35m (0.2ms)[0m  BEGIN
  [1m[36mUser Exists (1.0ms)[0m  [1mSELECT  1 AS one FROM "users" WHERE "users"."email" = 'a@b.com' LIMIT 1[0m
  [1m[35mSQL (0.4ms)[0m  INSERT INTO "users" ("email", "encrypted_password", "created_at", "updated_at") VALUES ($1, $2, $3, $4) RETURNING "id"  [["email", "a@b.com"], ["encrypted_password", "$2a$10$pU6gzdqTigV3cJ0o8TUHiOCIuinz6reUGcsKW.4JJkNld0FyeD.NW"], ["created_at", "2016-02-10 08:11:57.425222"], ["updated_at", "2016-02-10 08:11:57.425222"]]
  [1m[36m (20.8ms)[0m  [1mCOMMIT[0m
  [1m[35m (0.2ms)[0m  BEGIN
  [1m[36mSQL (0.4ms)[0m  [1mUPDATE "users" SET "last_sign_in_at" = $1, "current_sign_in_at" = $2, "last_sign_in_ip" = $3, "current_sign_in_ip" = $4, "sign_in_count" = $5, "updated_at" = $6 WHERE "users"."id" = $7[0m  [["last_sign_in_at", "2016-02-10 08:11:57.449619"], ["current_sign_in_at", "2016-02-10 08:11:57.449619"], ["last_sign_in_ip", "192.168.0.9/32"], ["current_sign_in_ip", "192.168.0.9/32"], ["sign_in_count", 1], ["updated_at", "2016-02-10 08:11:57.451042"], ["id", 2]]
  [1m[35m (6.6ms)[0m  COMMIT
Redirected to http://192.168.0.15:3000/
Completed 302 Found in 167ms (ActiveRecord: 29.8ms)


Started GET "/" for 192.168.0.9 at 2016-02-10 13:41:57 +0530
  [1m[36mUser Load (0.5ms)[0m  [1mSELECT  "users".* FROM "users" WHERE "users"."id" = $1  ORDER BY "users"."id" ASC LIMIT 1[0m  [["id", 2]]
Processing by UsersController#index as HTML
  Rendered users/index.html.erb within layouts/application (0.4ms)
Completed 200 OK in 50ms (Views: 49.5ms | ActiveRecord: 0.0ms)


Started GET "/assets/users.css?body=1" for 192.168.0.9 at 2016-02-10 13:41:57 +0530


Started GET "/assets/application.css?body=1" for 192.168.0.9 at 2016-02-10 13:41:57 +0530


Started GET "/assets/jquery.js?body=1" for 192.168.0.9 at 2016-02-10 13:41:57 +0530


Started GET "/assets/jquery_ujs.js?body=1" for 192.168.0.9 at 2016-02-10 13:41:57 +0530


Started GET "/assets/turbolinks.js?body=1" for 192.168.0.9 at 2016-02-10 13:41:57 +0530


Started GET "/assets/users.js?body=1" for 192.168.0.9 at 2016-02-10 13:41:57 +0530


Started GET "/assets/application.js?body=1" for 192.168.0.9 at 2016-02-10 13:41:57 +0530
Exiting


Started GET "/" for 127.0.0.1 at 2016-02-10 13:42:39 +0530
  [1m[36mActiveRecord::SchemaMigration Load (0.4ms)[0m  [1mSELECT "schema_migrations".* FROM "schema_migrations"[0m
  [1m[35mUser Load (0.5ms)[0m  SELECT  "users".* FROM "users" WHERE "users"."id" = $1  ORDER BY "users"."id" ASC LIMIT 1  [["id", 1]]
Processing by UsersController#index as HTML
  Rendered users/index.html.erb within layouts/application (1.1ms)
Completed 200 OK in 81ms (Views: 74.8ms | ActiveRecord: 0.0ms)


Started GET "/assets/users.css?body=1" for 127.0.0.1 at 2016-02-10 13:42:39 +0530


Started GET "/assets/jquery.js?body=1" for 127.0.0.1 at 2016-02-10 13:42:39 +0530


Started GET "/assets/jquery_ujs.js?body=1" for 127.0.0.1 at 2016-02-10 13:42:39 +0530


Started GET "/assets/turbolinks.js?body=1" for 127.0.0.1 at 2016-02-10 13:42:39 +0530


Started GET "/assets/users.js?body=1" for 127.0.0.1 at 2016-02-10 13:42:39 +0530


Started GET "/assets/application.js?body=1" for 127.0.0.1 at 2016-02-10 13:42:39 +0530


Started GET "/assets/application.css?body=1" for 127.0.0.1 at 2016-02-10 13:42:39 +0530
  [1m[36mActiveRecord::SchemaMigration Load (0.4ms)[0m  [1mSELECT "schema_migrations".* FROM "schema_migrations"[0m


Started DELETE "/users/sign_out" for 127.0.0.1 at 2016-02-10 13:42:43 +0530
Processing by Devise::SessionsController#destroy as HTML
  Parameters: {"authenticity_token"=>"8SLuB8x/qO2E2rM+BUruud1DK4N89OrD8StQNfThKYDFSOUiVCiGqySowHiS/AGwi9P7KfWJQ5poyAlLBd8JpQ=="}
  [1m[36mUser Load (0.5ms)[0m  [1mSELECT  "users".* FROM "users" WHERE "users"."id" = $1  ORDER BY "users"."id" ASC LIMIT 1[0m  [["id", 1]]
  [1m[35m (0.2ms)[0m  BEGIN
  [1m[36m (0.2ms)[0m  [1mCOMMIT[0m
Redirected to http://localhost:3000/
Completed 302 Found in 18ms (ActiveRecord: 1.0ms)


Started GET "/" for 127.0.0.1 at 2016-02-10 13:42:43 +0530


Started GET "/users/sign_in" for 127.0.0.1 at 2016-02-10 13:42:43 +0530
Processing by Devise::SessionsController#new as HTML
  Rendered devise/shared/_links.erb (9.1ms)
  Rendered devise/sessions/new.html.erb within layouts/application (30.8ms)
Completed 200 OK in 72ms (Views: 69.3ms | ActiveRecord: 0.0ms)




Started GET "/assets/users.css?body=1" for 127.0.0.1 at 2016-02-10 13:42:43 +0530
Started GET "/assets/application.css?body=1" for 127.0.0.1 at 2016-02-10 13:42:43 +0530



Started GET "/assets/jquery_ujs.js?body=1" for 127.0.0.1 at 2016-02-10 13:42:43 +0530

Started GET "/assets/jquery.js?body=1" for 127.0.0.1 at 2016-02-10 13:42:43 +0530


Started GET "/assets/turbolinks.js?body=1" for 127.0.0.1 at 2016-02-10 13:42:43 +0530




Started GET "/assets/users.js?body=1" for 127.0.0.1 at 2016-02-10 13:42:43 +0530
Started GET "/assets/application.js?body=1" for 127.0.0.1 at 2016-02-10 13:42:43 +0530
Exiting


Started GET "/users/sign_in" for 127.0.0.1 at 2016-02-10 13:43:28 +0530
  [1m[36mActiveRecord::SchemaMigration Load (0.6ms)[0m  [1mSELECT "schema_migrations".* FROM "schema_migrations"[0m
Processing by Devise::SessionsController#new as HTML
  Rendered devise/shared/_links.erb (8.0ms)
  Rendered devise/sessions/new.html.erb within layouts/application (35.5ms)
Completed 200 OK in 135ms (Views: 105.5ms | ActiveRecord: 2.6ms)


Started GET "/assets/application.css?body=1" for 127.0.0.1 at 2016-02-10 13:43:28 +0530


Started GET "/assets/jquery.js?body=1" for 127.0.0.1 at 2016-02-10 13:43:28 +0530


Started GET "/assets/jquery_ujs.js?body=1" for 127.0.0.1 at 2016-02-10 13:43:28 +0530


Started GET "/assets/turbolinks.js?body=1" for 127.0.0.1 at 2016-02-10 13:43:28 +0530


Started GET "/assets/users.js?body=1" for 127.0.0.1 at 2016-02-10 13:43:28 +0530


Started GET "/assets/application.js?body=1" for 127.0.0.1 at 2016-02-10 13:43:28 +0530


Started GET "/assets/users.css?body=1" for 127.0.0.1 at 2016-02-10 13:43:28 +0530
  [1m[36mActiveRecord::SchemaMigration Load (0.5ms)[0m  [1mSELECT "schema_migrations".* FROM "schema_migrations"[0m
Exiting
